<?xml version="1.0" encoding="UTF-8"?>
<!-- Generated by org.testng.reporters.JUnitXMLReporter -->
<testsuite ignored="0" hostname="TRAFIQUE2-NB" failures="1" tests="3" name="Submit Order Test" time="36.817" errors="0" timestamp="2025-06-01T08:17:09 CEST">
  <testcase classname="tests.SubmitOrderTest" name="submitOrder" time="9.029"/>
  <testcase classname="tests.SubmitOrderTest" name="submitOrder" time="3.197">
    <failure type="java.lang.AssertionError" message="expected [true] but found [false]">
      <![CDATA[java.lang.AssertionError: expected [true] but found [false]
at tests.SubmitOrderTest.submitOrder(SubmitOrderTest.java:40)
at java.base/java.util.ArrayList.forEach(ArrayList.java:1596)
at java.base/java.util.concurrent.FutureTask.run(FutureTask.java:317)
at java.base/java.util.concurrent.ThreadPoolExecutor.runWorker(ThreadPoolExecutor.java:1144)
at java.base/java.util.concurrent.ThreadPoolExecutor$Worker.run(ThreadPoolExecutor.java:642)
at java.base/java.lang.Thread.run(Thread.java:1583)
... Removed 19 stack frames]]>
    </failure>
  </testcase> <!-- submitOrder -->
  <testcase classname="tests.SubmitOrderTest" name="orderHistoryTest" time="0.0">
    <skipped/>
  </testcase> <!-- orderHistoryTest -->
</testsuite> <!-- Submit Order Test -->
